<?xml version="1.0" encoding="UTF-8"?>
<!-- Generated by org.testng.reporters.JUnitReportReporter -->
<testsuite hostname="DESKTOP-1U92PBD" failures="0" tests="1" name="Sprint2restAssure.TC03_delete" time="3.579" errors="0" timestamp="2023-01-22T16:17:42 CST" skipped="0">
  <testcase classname="Sprint2restAssure.TC03_delete" name="TC03_Delete" time="3.579"/>
  <system-out/>
</testsuite> <!-- Sprint2restAssure.TC03_delete -->
