<?xml version="1.0" encoding="UTF-8"?>
<!-- Generated by org.testng.reporters.JUnitReportReporter -->
<testsuite hostname="DESKTOP-1U92PBD" failures="0" tests="1" name="Sprint2restAssure.TC02_post" time="3.219" errors="0" timestamp="2023-01-22T16:15:04 CST" skipped="0">
  <testcase classname="Sprint2restAssure.TC02_post" name="test_1_post" time="3.219"/>
  <system-out/>
</testsuite> <!-- Sprint2restAssure.TC02_post -->
