<?xml version="1.0" encoding="UTF-8"?>
<!-- Generated by org.testng.reporters.JUnitReportReporter -->
<testsuite hostname="DESKTOP-1U92PBD" failures="0" tests="2" name="Sprint2restAssure.TC01_get" time="3.742" errors="0" timestamp="2023-01-18T19:37:35 CST" skipped="0">
  <testcase classname="Sprint2restAssure.TC01_get" name="run2" time="0.491"/>
  <system-out/>
  <testcase classname="Sprint2restAssure.TC01_get" name="run" time="3.251"/>
  <system-out/>
</testsuite> <!-- Sprint2restAssure.TC01_get -->
